0 info it worked if it ends with ok
1 verbose cli [ 'node', '/usr/local/bin/npm', 'install', '--global', 'gulp-cli' ]
2 info using npm@2.7.4
3 info using node@v0.12.2
4 silly cache add args [ 'gulp-cli', null ]
5 verbose cache add spec gulp-cli
6 silly cache add parsed spec { raw: 'gulp-cli',
6 silly cache add   scope: null,
6 silly cache add   name: 'gulp-cli',
6 silly cache add   rawSpec: '',
6 silly cache add   spec: '*',
6 silly cache add   type: 'range' }
7 verbose addNamed gulp-cli@*
8 silly addNamed semver.valid null
9 silly addNamed semver.validRange *
10 silly addNameRange { name: 'gulp-cli', range: '*', hasData: false }
11 silly mapToRegistry name gulp-cli
12 silly mapToRegistry using default registry
13 silly mapToRegistry registry https://registry.npmjs.org/
14 silly mapToRegistry uri https://registry.npmjs.org/gulp-cli
15 verbose addNameRange registry:https://registry.npmjs.org/gulp-cli not in flight; fetching
16 verbose request uri https://registry.npmjs.org/gulp-cli
17 verbose request no auth needed
18 info attempt registry request try #1 at 19:52:16
19 verbose request id 237747540f1834af
20 http request GET https://registry.npmjs.org/gulp-cli
21 info retry will retry, error on last attempt: Error: socket hang up
22 info attempt registry request try #2 at 19:53:29
23 http request GET https://registry.npmjs.org/gulp-cli
24 info retry will retry, error on last attempt: Error: socket hang up
25 info attempt registry request try #3 at 19:55:32
26 http request GET https://registry.npmjs.org/gulp-cli
27 verbose stack Error: socket hang up
27 verbose stack     at createHangUpError (_http_client.js:215:15)
27 verbose stack     at TLSSocket.socketOnEnd (_http_client.js:300:23)
27 verbose stack     at TLSSocket.emit (events.js:129:20)
27 verbose stack     at _stream_readable.js:908:16
27 verbose stack     at process._tickCallback (node.js:355:11)
28 verbose cwd /Library/WebServer/Documents/www/1/jquery-weui
29 error Darwin 14.1.1
30 error argv "node" "/usr/local/bin/npm" "install" "--global" "gulp-cli"
31 error node v0.12.2
32 error npm  v2.7.4
33 error code ECONNRESET
34 error network socket hang up
34 error network This is most likely not a problem with npm itself
34 error network and is related to network connectivity.
34 error network In most cases you are behind a proxy or have bad network settings.
34 error network
34 error network If you are behind a proxy, please make sure that the
34 error network 'proxy' config is set properly.  See: 'npm help config'
35 verbose exit [ 1, true ]
